<?xml version="1.0" encoding="UTF-8"?>
<!-- Generated by org.testng.reporters.JUnitXMLReporter -->
<testsuite hostname="TEST05" name="Test1" tests="4" failures="1" timestamp="10 Nov 2015 15:26:14 GMT" time="25.708" errors="0">
  <testcase name="testUntitled" time="1.838" classname="zolota.Login"/>
  <testcase name="CreateMovie" time="5.251" classname="zolota.AddMovie"/>
  <testcase name="CreateMovieFail" time="4.912" classname="zolota.AddMovie"/>
  <testcase name="DeleteMovie" time="1.791" classname="zolota.Delete">
    <failure type="org.openqa.selenium.UnhandledAlertException" message="Unexpected modal dialog (text: Are you sure you want to remove this?): Are you sure you want to remove this?
Build info: version: &amp;apos;2.46.0&amp;apos;, revision: &amp;apos;61506a4624b13675f24581e453592342b7485d71&amp;apos;, time: &amp;apos;2015-06-04 10:22:50&amp;apos;
System info: host: &amp;apos;TEST05&amp;apos;, ip: &amp;apos;192.168.10.73&amp;apos;, os.name: &amp;apos;Windows 7&amp;apos;, os.arch: &amp;apos;amd64&amp;apos;, os.version: &amp;apos;6.1&amp;apos;, java.version: &amp;apos;1.8.0_65&amp;apos;
Driver info: org.openqa.selenium.firefox.FirefoxDriver
Capabilities [{applicationCacheEnabled=true, rotatable=false, handlesAlerts=true, databaseEnabled=true, version=42.0, platform=WINDOWS, nativeEvents=false, acceptSslCerts=true, webStorageEnabled=true, locationContextEnabled=true, browserName=firefox, takesScreenshot=true, javascriptEnabled=true, cssSelectorsEnabled=true}]
Session ID: f69fd38a-1979-4a7b-aa30-b7eeb47d4f6c
*** Element info: {Using=xpath, value=.//*[@id=&amp;apos;content&amp;apos;]/section/nav/ul/li[5]/div/div/a}">
      <![CDATA[org.openqa.selenium.UnhandledAlertException: Unexpected modal dialog (text: Are you sure you want to remove this?): Are you sure you want to remove this?
Build info: version: '2.46.0', revision: '61506a4624b13675f24581e453592342b7485d71', time: '2015-06-04 10:22:50'
System info: host: 'TEST05', ip: '192.168.10.73', os.name: 'Windows 7', os.arch: 'amd64', os.version: '6.1', java.version: '1.8.0_65'
Driver info: org.openqa.selenium.firefox.FirefoxDriver
Capabilities [{applicationCacheEnabled=true, rotatable=false, handlesAlerts=true, databaseEnabled=true, version=42.0, platform=WINDOWS, nativeEvents=false, acceptSslCerts=true, webStorageEnabled=true, locationContextEnabled=true, browserName=firefox, takesScreenshot=true, javascriptEnabled=true, cssSelectorsEnabled=true}]
Session ID: f69fd38a-1979-4a7b-aa30-b7eeb47d4f6c
*** Element info: {Using=xpath, value=.//*[@id='content']/section/nav/ul/li[5]/div/div/a}
	at org.openqa.selenium.remote.ErrorHandler.createThrowable(ErrorHandler.java:204)
	at org.openqa.selenium.remote.ErrorHandler.createUnhandledAlertException(ErrorHandler.java:185)
	at org.openqa.selenium.remote.ErrorHandler.throwIfResponseFailed(ErrorHandler.java:152)
	at org.openqa.selenium.remote.RemoteWebDriver.execute(RemoteWebDriver.java:605)
	at org.openqa.selenium.remote.RemoteWebDriver.findElement(RemoteWebDriver.java:358)
	at org.openqa.selenium.remote.RemoteWebDriver.findElementByXPath(RemoteWebDriver.java:455)
	at org.openqa.selenium.By$ByXPath.findElement(By.java:358)
	at org.openqa.selenium.remote.RemoteWebDriver.findElement(RemoteWebDriver.java:350)
	at zolota.Delete.DeleteMovie(Delete.java:18)
... Removed 31 stack frames]]>
    </failure>
  </testcase> <!-- DeleteMovie -->
</testsuite> <!-- Test1 -->
