<?xml version="1.0" encoding="UTF-8"?>
<testng-results skipped="0" failed="1" total="4" passed="3">
  <reporter-output>
  </reporter-output>
  <suite name="Tests" duration-ms="25708" started-at="2015-11-10T15:25:49Z" finished-at="2015-11-10T15:26:14Z">
    <groups>
    </groups>
    <test name="Test1" duration-ms="25708" started-at="2015-11-10T15:25:49Z" finished-at="2015-11-10T15:26:14Z">
      <class name="zolota.Login">
        <test-method status="PASS" signature="init()[pri:0, instance:zolota.Login@340f438e]" name="init" is-config="true" duration-ms="11817" started-at="2015-11-10T17:25:49Z" finished-at="2015-11-10T17:26:01Z">
          <reporter-output>
          </reporter-output>
        </test-method> <!-- init -->
        <test-method status="PASS" signature="testUntitled()[pri:0, instance:zolota.Login@340f438e]" name="testUntitled" duration-ms="1838" started-at="2015-11-10T17:26:01Z" finished-at="2015-11-10T17:26:02Z">
          <reporter-output>
          </reporter-output>
        </test-method> <!-- testUntitled -->
        <test-method status="PASS" signature="tearDown()[pri:0, instance:zolota.Login@340f438e]" name="tearDown" is-config="true" duration-ms="1792" started-at="2015-11-10T17:26:15Z" finished-at="2015-11-10T17:26:16Z">
          <reporter-output>
          </reporter-output>
        </test-method> <!-- tearDown -->
      </class> <!-- zolota.Login -->
      <class name="zolota.AddMovie">
        <test-method status="PASS" signature="init()[pri:0, instance:zolota.AddMovie@67b64c45]" name="init" is-config="true" duration-ms="31" started-at="2015-11-10T17:26:02Z" finished-at="2015-11-10T17:26:02Z">
          <reporter-output>
          </reporter-output>
        </test-method> <!-- init -->
        <test-method status="PASS" signature="CreateMovie()[pri:0, instance:zolota.AddMovie@67b64c45]" name="CreateMovie" duration-ms="5251" started-at="2015-11-10T17:26:02Z" finished-at="2015-11-10T17:26:08Z">
          <reporter-output>
          </reporter-output>
        </test-method> <!-- CreateMovie -->
        <test-method status="PASS" signature="CreateMovieFail()[pri:0, instance:zolota.AddMovie@67b64c45]" name="CreateMovieFail" duration-ms="4912" started-at="2015-11-10T17:26:08Z" finished-at="2015-11-10T17:26:13Z">
          <reporter-output>
          </reporter-output>
        </test-method> <!-- CreateMovieFail -->
      </class> <!-- zolota.AddMovie -->
      <class name="zolota.Delete">
        <test-method status="PASS" signature="init()[pri:0, instance:zolota.Delete@3796751b]" name="init" is-config="true" duration-ms="22" started-at="2015-11-10T17:26:13Z" finished-at="2015-11-10T17:26:13Z">
          <reporter-output>
          </reporter-output>
        </test-method> <!-- init -->
        <test-method status="FAIL" signature="DeleteMovie()[pri:0, instance:zolota.Delete@3796751b]" name="DeleteMovie" duration-ms="1791" started-at="2015-11-10T17:26:13Z" finished-at="2015-11-10T17:26:14Z">
          <exception class="org.openqa.selenium.UnhandledAlertException">
            <message>
              <![CDATA[Unexpected modal dialog (text: Are you sure you want to remove this?): Are you sure you want to remove this?
Build info: version: '2.46.0', revision: '61506a4624b13675f24581e453592342b7485d71', time: '2015-06-04 10:22:50'
System info: host: 'TEST05', ip: '192.168.10.73', os.name: 'Windows 7', os.arch: 'amd64', os.version: '6.1', java.version: '1.8.0_65'
Driver info: org.openqa.selenium.firefox.FirefoxDriver
Capabilities [{applicationCacheEnabled=true, rotatable=false, handlesAlerts=true, databaseEnabled=true, version=42.0, platform=WINDOWS, nativeEvents=false, acceptSslCerts=true, webStorageEnabled=true, locationContextEnabled=true, browserName=firefox, takesScreenshot=true, javascriptEnabled=true, cssSelectorsEnabled=true}]
Session ID: f69fd38a-1979-4a7b-aa30-b7eeb47d4f6c
*** Element info: {Using=xpath, value=.//*[@id='content']/section/nav/ul/li[5]/div/div/a}]]>
            </message>
            <full-stacktrace>
              <![CDATA[org.openqa.selenium.UnhandledAlertException: Unexpected modal dialog (text: Are you sure you want to remove this?): Are you sure you want to remove this?
Build info: version: '2.46.0', revision: '61506a4624b13675f24581e453592342b7485d71', time: '2015-06-04 10:22:50'
System info: host: 'TEST05', ip: '192.168.10.73', os.name: 'Windows 7', os.arch: 'amd64', os.version: '6.1', java.version: '1.8.0_65'
Driver info: org.openqa.selenium.firefox.FirefoxDriver
Capabilities [{applicationCacheEnabled=true, rotatable=false, handlesAlerts=true, databaseEnabled=true, version=42.0, platform=WINDOWS, nativeEvents=false, acceptSslCerts=true, webStorageEnabled=true, locationContextEnabled=true, browserName=firefox, takesScreenshot=true, javascriptEnabled=true, cssSelectorsEnabled=true}]
Session ID: f69fd38a-1979-4a7b-aa30-b7eeb47d4f6c
*** Element info: {Using=xpath, value=.//*[@id='content']/section/nav/ul/li[5]/div/div/a}
	at sun.reflect.NativeConstructorAccessorImpl.newInstance0(Native Method)
	at sun.reflect.NativeConstructorAccessorImpl.newInstance(NativeConstructorAccessorImpl.java:62)
	at sun.reflect.DelegatingConstructorAccessorImpl.newInstance(DelegatingConstructorAccessorImpl.java:45)
	at java.lang.reflect.Constructor.newInstance(Constructor.java:422)
	at org.openqa.selenium.remote.ErrorHandler.createThrowable(ErrorHandler.java:204)
	at org.openqa.selenium.remote.ErrorHandler.createUnhandledAlertException(ErrorHandler.java:185)
	at org.openqa.selenium.remote.ErrorHandler.throwIfResponseFailed(ErrorHandler.java:152)
	at org.openqa.selenium.remote.RemoteWebDriver.execute(RemoteWebDriver.java:605)
	at org.openqa.selenium.remote.RemoteWebDriver.findElement(RemoteWebDriver.java:358)
	at org.openqa.selenium.remote.RemoteWebDriver.findElementByXPath(RemoteWebDriver.java:455)
	at org.openqa.selenium.By$ByXPath.findElement(By.java:358)
	at org.openqa.selenium.remote.RemoteWebDriver.findElement(RemoteWebDriver.java:350)
	at zolota.Delete.DeleteMovie(Delete.java:18)
	at sun.reflect.NativeMethodAccessorImpl.invoke0(Native Method)
	at sun.reflect.NativeMethodAccessorImpl.invoke(NativeMethodAccessorImpl.java:62)
	at sun.reflect.DelegatingMethodAccessorImpl.invoke(DelegatingMethodAccessorImpl.java:43)
	at java.lang.reflect.Method.invoke(Method.java:497)
	at org.testng.internal.MethodInvocationHelper.invokeMethod(MethodInvocationHelper.java:85)
	at org.testng.internal.Invoker.invokeMethod(Invoker.java:659)
	at org.testng.internal.Invoker.invokeTestMethod(Invoker.java:845)
	at org.testng.internal.Invoker.invokeTestMethods(Invoker.java:1153)
	at org.testng.internal.TestMethodWorker.invokeTestMethods(TestMethodWorker.java:125)
	at org.testng.internal.TestMethodWorker.run(TestMethodWorker.java:108)
	at org.testng.TestRunner.privateRun(TestRunner.java:771)
	at org.testng.TestRunner.run(TestRunner.java:621)
	at org.testng.SuiteRunner.runTest(SuiteRunner.java:357)
	at org.testng.SuiteRunner.runSequentially(SuiteRunner.java:352)
	at org.testng.SuiteRunner.privateRun(SuiteRunner.java:310)
	at org.testng.SuiteRunner.run(SuiteRunner.java:259)
	at org.testng.SuiteRunnerWorker.runSuite(SuiteRunnerWorker.java:52)
	at org.testng.SuiteRunnerWorker.run(SuiteRunnerWorker.java:86)
	at org.testng.TestNG.runSuitesSequentially(TestNG.java:1199)
	at org.testng.TestNG.runSuitesLocally(TestNG.java:1124)
	at org.testng.TestNG.run(TestNG.java:1032)
	at org.apache.maven.surefire.testng.TestNGExecutor.run(TestNGExecutor.java:217)
	at org.apache.maven.surefire.testng.TestNGXmlTestSuite.execute(TestNGXmlTestSuite.java:84)
	at org.apache.maven.surefire.testng.TestNGProvider.invoke(TestNGProvider.java:92)
	at org.apache.maven.surefire.booter.ForkedBooter.invokeProviderInSameClassLoader(ForkedBooter.java:200)
	at org.apache.maven.surefire.booter.ForkedBooter.runSuitesInProcess(ForkedBooter.java:153)
	at org.apache.maven.surefire.booter.ForkedBooter.main(ForkedBooter.java:103)
]]>
            </full-stacktrace>
          </exception> <!-- org.openqa.selenium.UnhandledAlertException -->
          <reporter-output>
          </reporter-output>
        </test-method> <!-- DeleteMovie -->
      </class> <!-- zolota.Delete -->
    </test> <!-- Test1 -->
  </suite> <!-- Tests -->
</testng-results>
